<?xml version="1.0" encoding="UTF-8"?>
<!-- Generated by org.testng.reporters.JUnitXMLReporter -->
<testsuite ignored="2" hostname="DESKTOP-PURIPPR" failures="2" tests="32" name="Test" time="140.669" errors="0" timestamp="2022-06-21T00:24:28 IST">
  <testcase classname="anotaionInTestNG.KyewordsInTestNG_InvoCount" name="test7" time="0.008"/>
  <testcase classname="anotaionInTestNG.KyewordsInTestNG_InvoCount" name="test7" time="0.001"/>
  <testcase classname="anotaionInTestNG.KyewordsInTestNG_InvoCount" name="test1" time="0.002"/>
  <testcase classname="anotaionInTestNG.KyewordsInTestNG_InvoCount" name="test2" time="0.002"/>
  <testcase classname="anotaionInTestNG.KyewordsInTestNG_InvoCount" name="test3" time="0.002"/>
  <testcase classname="anotaionInTestNG.KyewordsInTestNG_InvoCount" name="test3" time="0.004"/>
  <testcase classname="anotaionInTestNG.KyewordsInTestNG_InvoCount" name="test3" time="0.001"/>
  <testcase classname="anotaionInTestNG.KyewordsInTestNG_InvoCount" name="test5" time="0.002"/>
  <testcase classname="anotaionInTestNG.KyewordsInTestNG_InvoCount" name="test6" time="0.003"/>
  <testcase classname="anotaionInTestNG.KyewordsInTestNG_InvoCount" name="test6" time="0.006"/>
  <testcase classname="anotaionInTestNG.KeyWordsInTestNG_TimeOut" name="test1" time="0.003"/>
  <testcase classname="anotaionInTestNG.KeyWordsInTestNG_TimeOut" name="test4" time="2.051">
    <failure type="org.testng.internal.thread.ThreadTimeoutException" message="Method anotaionInTestNG.KeyWordsInTestNG_TimeOut.test4() didn&amp;apos;t finish within the time-out 2000">
      <![CDATA[org.testng.internal.thread.ThreadTimeoutException: Method anotaionInTestNG.KeyWordsInTestNG_TimeOut.test4() didn't finish within the time-out 2000
at java.base@17/java.lang.Thread.sleep(Native Method)
at app//anotaionInTestNG.KeyWordsInTestNG_TimeOut.test4(KeyWordsInTestNG_TimeOut.java:15)
at java.base@17/java.util.concurrent.FutureTask.run(FutureTask.java:264)
at java.base@17/java.util.concurrent.ThreadPoolExecutor.runWorker(ThreadPoolExecutor.java:1136)
at java.base@17/java.util.concurrent.ThreadPoolExecutor$Worker.run(ThreadPoolExecutor.java:635)
at java.base@17/java.lang.Thread.run(Thread.java:833)
... Removed 8 stack frames]]>
    </failure>
  </testcase> <!-- test4 -->
  <testcase classname="testNG.LoginPageTest" name="LoginTest" time="5.337"/>
  <testcase classname="testNG.LoginPageTest" name="LoginWithOnlyPassTest" time="0.259"/>
  <testcase classname="testNG.LoginPageTest" name="LoginWithOnlyUserIdTest" time="0.242"/>
  <testcase classname="testNG.LoginPageTest" name="LoginWithoutUserIdPAssTest" time="0.124"/>
  <testcase classname="anotaionInTestNG.TestNGAnotation" name="test1" time="0.01"/>
  <testcase classname="anotaionInTestNG.TestNGAnotation" name="test2" time="0.002"/>
  <testcase classname="anotaionInTestNG.TestNGAnotation" name="test3" time="0.003"/>
  <testcase classname="anotaionInTestNG.KeyWordsInTestNG_DependOnMethod" name="test1" time="0.007"/>
  <testcase classname="anotaionInTestNG.KeyWordsInTestNG_DependOnMethod" name="test2" time="2.045">
    <failure type="org.testng.internal.thread.ThreadTimeoutException" message="Method anotaionInTestNG.KeyWordsInTestNG_DependOnMethod.test2() didn&amp;apos;t finish within the time-out 2000">
      <![CDATA[org.testng.internal.thread.ThreadTimeoutException: Method anotaionInTestNG.KeyWordsInTestNG_DependOnMethod.test2() didn't finish within the time-out 2000
at java.base@17/java.lang.Thread.sleep(Native Method)
at app//anotaionInTestNG.KeyWordsInTestNG_DependOnMethod.test2(KeyWordsInTestNG_DependOnMethod.java:15)
at java.base@17/java.util.concurrent.FutureTask.run(FutureTask.java:264)
at java.base@17/java.util.concurrent.ThreadPoolExecutor.runWorker(ThreadPoolExecutor.java:1136)
at java.base@17/java.util.concurrent.ThreadPoolExecutor$Worker.run(ThreadPoolExecutor.java:635)
at java.base@17/java.lang.Thread.run(Thread.java:833)
... Removed 8 stack frames]]>
    </failure>
  </testcase> <!-- test2 -->
  <testcase classname="anotaionInTestNG.KeyWordsInTestNG_DependOnMethod" name="test3" time="0.002">
    <skipped/>
  </testcase> <!-- test3 -->
  <testcase classname="anotaionInTestNG.KeyWordsInTestNG_DependOnMethod" name="test4" time="0.003"/>
  <testcase classname="TestForGrow.LoginPageTest" name="loginPage" time="18.212"/>
  <testcase classname="anotaionInTestNG.KyewordsInTestNG_Priority" name="test6" time="0.001"/>
  <testcase classname="anotaionInTestNG.KyewordsInTestNG_Priority" name="test4" time="0.016"/>
  <testcase classname="anotaionInTestNG.KyewordsInTestNG_Priority" name="test1" time="0.001"/>
  <testcase classname="anotaionInTestNG.KyewordsInTestNG_Priority" name="test2" time="0.004"/>
  <testcase classname="anotaionInTestNG.KyewordsInTestNG_Priority" name="test3" time="0.002"/>
  <testcase classname="anotaionInTestNG.KyewordsInTestNG_Priority" name="test7" time="0.001"/>
  <testcase classname="anotaionInTestNG.KyewordsInTestNG_Priority" name="test5" time="0.007"/>
  <testcase classname="anotaionInTestNG.KeyWordsInTestNG_enabled" name="test1" time="0.008"/>
  <testcase classname="anotaionInTestNG.KyewordsInTestNG_InvoCount" name="test4" time="0.0">
    <ignored/>
  </testcase> <!-- test4 -->
  <testcase classname="anotaionInTestNG.KeyWordsInTestNG_enabled" name="test4" time="0.0">
    <ignored/>
  </testcase> <!-- test4 -->
</testsuite> <!-- Test -->
